<?xml version="1.0" encoding="UTF-8"?>
<!-- Generated by org.testng.reporters.JUnitXMLReporter -->
<testsuite hostname="DESKTOP-NVBV0VI" ignored="3" name="Test" tests="1" failures="0" timestamp="26 Apr 2021 12:21:31 GMT" time="14.978" errors="0">
  <testcase name="VerifyVaccinationCenterTab" time="3.449" classname="com.OneMap.testLayer.HomePageTest"/>
  <testcase name="removeTutorial" time="0.0" classname="com.OneMap.testLayer.HomePageTest">
    <ignored/>
  </testcase> <!-- removeTutorial -->
  <testcase name="selectValueFromDD" time="0.0" classname="com.OneMap.testLayer.HomePageTest">
    <ignored/>
  </testcase> <!-- selectValueFromDD -->
  <testcase name="EnterSearchValue" time="0.0" classname="com.OneMap.testLayer.HomePageTest">
    <ignored/>
  </testcase> <!-- EnterSearchValue -->
</testsuite> <!-- Test -->
