<?xml version="1.0" encoding="UTF-8"?>
<testng-results skipped="0" failed="1" ignored="3" total="4" passed="0">
  <reporter-output>
  </reporter-output>
  <suite name="Default suite" duration-ms="63221" started-at="2021-04-26T13:51:57Z" finished-at="2021-04-26T13:53:00Z">
    <groups>
    </groups>
    <test name="Default test" duration-ms="63221" started-at="2021-04-26T13:51:57Z" finished-at="2021-04-26T13:53:00Z">
      <class name="com.OneMap.testLayer.HomePageTest">
        <test-method status="PASS" signature="startTest()[pri:0, instance:com.OneMap.testLayer.HomePageTest@c33b74f]" name="startTest" is-config="true" duration-ms="258" started-at="2021-04-26T19:21:57Z" finished-at="2021-04-26T19:21:57Z">
          <reporter-output>
          </reporter-output>
        </test-method> <!-- startTest -->
        <test-method status="PASS" signature="setUp()[pri:0, instance:com.OneMap.testLayer.HomePageTest@c33b74f]" name="setUp" is-config="true" duration-ms="18274" started-at="2021-04-26T19:21:57Z" finished-at="2021-04-26T19:22:15Z">
          <reporter-output>
          </reporter-output>
        </test-method> <!-- setUp -->
        <test-method status="FAIL" signature="VerifyVaccinationCenterTab()[pri:0, instance:com.OneMap.testLayer.HomePageTest@c33b74f]" name="VerifyVaccinationCenterTab" duration-ms="32931" started-at="2021-04-26T19:22:15Z" finished-at="2021-04-26T19:22:48Z">
          <exception class="java.lang.NullPointerException">
            <full-stacktrace>
              <![CDATA[java.lang.NullPointerException
	at com.OneMap.testLayer.HomePageTest.VerifyVaccinationCenterTab(HomePageTest.java:102)
	at sun.reflect.NativeMethodAccessorImpl.invoke0(Native Method)
	at sun.reflect.NativeMethodAccessorImpl.invoke(Unknown Source)
	at sun.reflect.DelegatingMethodAccessorImpl.invoke(Unknown Source)
	at java.lang.reflect.Method.invoke(Unknown Source)
	at org.testng.internal.MethodInvocationHelper.invokeMethod(MethodInvocationHelper.java:108)
	at org.testng.internal.Invoker.invokeMethod(Invoker.java:661)
	at org.testng.internal.Invoker.invokeTestMethod(Invoker.java:869)
	at org.testng.internal.Invoker.invokeTestMethods(Invoker.java:1193)
	at org.testng.internal.TestMethodWorker.invokeTestMethods(TestMethodWorker.java:126)
	at org.testng.internal.TestMethodWorker.run(TestMethodWorker.java:109)
	at org.testng.TestRunner.privateRun(TestRunner.java:744)
	at org.testng.TestRunner.run(TestRunner.java:602)
	at org.testng.SuiteRunner.runTest(SuiteRunner.java:380)
	at org.testng.SuiteRunner.runSequentially(SuiteRunner.java:375)
	at org.testng.SuiteRunner.privateRun(SuiteRunner.java:340)
	at org.testng.SuiteRunner.run(SuiteRunner.java:289)
	at org.testng.SuiteRunnerWorker.runSuite(SuiteRunnerWorker.java:52)
	at org.testng.SuiteRunnerWorker.run(SuiteRunnerWorker.java:86)
	at org.testng.TestNG.runSuitesSequentially(TestNG.java:1301)
	at org.testng.TestNG.runSuitesLocally(TestNG.java:1226)
	at org.testng.TestNG.runSuites(TestNG.java:1144)
	at org.testng.TestNG.run(TestNG.java:1115)
	at org.testng.remote.AbstractRemoteTestNG.run(AbstractRemoteTestNG.java:115)
	at org.testng.remote.RemoteTestNG.initAndRun(RemoteTestNG.java:251)
	at org.testng.remote.RemoteTestNG.main(RemoteTestNG.java:77)
]]>
            </full-stacktrace>
          </exception> <!-- java.lang.NullPointerException -->
          <reporter-output>
          </reporter-output>
        </test-method> <!-- VerifyVaccinationCenterTab -->
        <test-method status="PASS" signature="tearDown()[pri:0, instance:com.OneMap.testLayer.HomePageTest@c33b74f]" name="tearDown" is-config="true" duration-ms="858" started-at="2021-04-26T19:22:52Z" finished-at="2021-04-26T19:22:53Z">
          <reporter-output>
          </reporter-output>
        </test-method> <!-- tearDown -->
        <test-method status="PASS" signature="endTest()[pri:0, instance:com.OneMap.testLayer.HomePageTest@c33b74f]" name="endTest" is-config="true" duration-ms="685" started-at="2021-04-26T19:23:00Z" finished-at="2021-04-26T19:23:01Z">
          <reporter-output>
          </reporter-output>
        </test-method> <!-- endTest -->
      </class> <!-- com.OneMap.testLayer.HomePageTest -->
    </test> <!-- Default test -->
  </suite> <!-- Default suite -->
</testng-results>
